[debug] [2022-12-04T02:09:46.134Z] ----------------------------------------------------------------------
[debug] [2022-12-04T02:09:46.136Z] Command:       C:\Program Files\nodejs\node.exe C:\Users\LAN CENTER\AppData\Roaming\npm\node_modules\firebase-tools\lib\bin\firebase.js init
[debug] [2022-12-04T02:09:46.136Z] CLI Version:   11.16.1
[debug] [2022-12-04T02:09:46.137Z] Platform:      win32
[debug] [2022-12-04T02:09:46.137Z] Node Version:  v16.15.1
[debug] [2022-12-04T02:09:46.137Z] Time:          Sat Dec 03 2022 21:09:46 GMT-0500 (hora estándar de Perú)
[debug] [2022-12-04T02:09:46.137Z] ----------------------------------------------------------------------
[debug] 
[debug] [2022-12-04T02:09:46.144Z] > command requires scopes: ["email","openid","https://www.googleapis.com/auth/cloudplatformprojects.readonly","https://www.googleapis.com/auth/firebase","https://www.googleapis.com/auth/cloud-platform"]
[debug] [2022-12-04T02:09:46.144Z] > authorizing via signed-in user (juliacared1@gmail.com)
[info] 
     ######## #### ########  ######## ########     ###     ######  ########
     ##        ##  ##     ## ##       ##     ##  ##   ##  ##       ##
     ######    ##  ########  ######   ########  #########  ######  ######
     ##        ##  ##    ##  ##       ##     ## ##     ##       ## ##
     ##       #### ##     ## ######## ########  ##     ##  ######  ########

You're about to initialize a Firebase project in this directory:

  D:\juliacared1

[info] 
=== Project Setup
[info] 
[info] First, let's associate this project directory with a Firebase project.
[info] You can create multiple project aliases by running firebase use --add, 
[info] but for now we'll just set up a default project.
[info] 
[debug] [2022-12-04T02:09:52.978Z] Using project from CLI flag: juliaca-red
[debug] [2022-12-04T02:09:52.981Z] >>> [apiv2][query] GET https://firebase.googleapis.com/v1beta1/projects/juliaca-red [none]
[debug] [2022-12-04T02:09:53.488Z] <<< [apiv2][status] GET https://firebase.googleapis.com/v1beta1/projects/juliaca-red 200
[debug] [2022-12-04T02:09:53.488Z] <<< [apiv2][body] GET https://firebase.googleapis.com/v1beta1/projects/juliaca-red {"projectId":"juliaca-red","projectNumber":"24138997593","displayName":"juliacared","name":"projects/juliaca-red","resources":{"hostingSite":"juliaca-red","realtimeDatabaseInstance":"juliaca-red","storageBucket":"juliaca-red.appspot.com","locationId":"us-central"},"state":"ACTIVE","etag":"1_c7b9f87b-c60a-4c2c-b7f5-0afbe6db0053"}
[info] i  Using project juliaca-red (juliacared) 
[info] 
=== Hosting Setup
[info] 
[info] Your public directory is the folder (relative to your project directory) that
[info] will contain Hosting assets to be uploaded with firebase deploy. If you
[info] have a build process for your assets, use your build's output directory.
[info] 
[info] +  Wrote ./404.html 
[debug] [2022-12-04T02:10:41.775Z] >>> [apiv2][query] GET https://www.gstatic.com/firebasejs/releases.json [none]
[debug] [2022-12-04T02:10:42.140Z] <<< [apiv2][status] GET https://www.gstatic.com/firebasejs/releases.json 200
[debug] [2022-12-04T02:10:42.141Z] <<< [apiv2][body] GET https://www.gstatic.com/firebasejs/releases.json {"current":{"version":"9.14.0","browserURL":"https://www.gstatic.com/firebasejs/9.14.0/firebase.js","packageURL":"https://www.gstatic.com/firebasejs/9.14.0/firebase.tgz"},"live":{"version":"9.14","browserURL":"https://www.gstatic.com/firebasejs/live/9.14/firebase.js","packageURL":"https://www.gstatic.com/firebasejs/live/9.14/firebase.tgz"},"components":{"analytics":"https://www.gstatic.com/firebasejs/9.14.0/firebase-analytics.js","app":"https://www.gstatic.com/firebasejs/9.14.0/firebase-app.js","app-check":"https://www.gstatic.com/firebasejs/9.14.0/firebase-app-check.js","auth":"https://www.gstatic.com/firebasejs/9.14.0/firebase-auth.js","auth/cordova":"https://www.gstatic.com/firebasejs/9.14.0/firebase-auth/cordova.js","auth/react-native":"https://www.gstatic.com/firebasejs/9.14.0/firebase-auth/react-native.js","functions":"https://www.gstatic.com/firebasejs/9.14.0/firebase-functions.js","firestore":"https://www.gstatic.com/firebasejs/9.14.0/firebase-firestore.js","firestore/lite":"https://www.gstatic.com/firebasejs/9.14.0/firebase-firestore/lite.js","installations":"https://www.gstatic.com/firebasejs/9.14.0/firebase-installations.js","storage":"https://www.gstatic.com/firebasejs/9.14.0/firebase-storage.js","performance":"https://www.gstatic.com/firebasejs/9.14.0/firebase-performance.js","remote-config":"https://www.gstatic.com/firebasejs/9.14.0/firebase-remote-config.js","messaging":"https://www.gstatic.com/firebasejs/9.14.0/firebase-messaging.js","messaging/sw":"https://www.gstatic.com/firebasejs/9.14.0/firebase-messaging/sw.js","database":"https://www.gstatic.com/firebasejs/9.14.0/firebase-database.js","firestore.memory":"https://www.gstatic.com/firebasejs/9.14.0/firebase-firestore.memory.js"}}
[info] i  Skipping write of ./index.html 
[info] 
[info] i  Detected a .git folder at D:\juliacared1 
[info] i  Authorizing with GitHub to upload your service account to a GitHub repository's secrets store. 
[info] 
[info] Visit this URL on this device to log in:
[info] https://github.com/login/oauth/authorize?client_id=89cf50f02ac6aaed3484&state=370526581&redirect_uri=http%3A%2F%2Flocalhost%3A9005&scope=read%3Auser%20repo%20public_repo
[info] 
[info] Waiting for authentication...
[debug] [2022-12-04T02:10:54.755Z] >>> [apiv2][query] POST https://github.com/login/oauth/access_token [none]
[debug] [2022-12-04T02:10:54.756Z] >>> [apiv2][body] POST https://github.com/login/oauth/access_token [stream]
[debug] [2022-12-04T02:10:55.229Z] <<< [apiv2][status] POST https://github.com/login/oauth/access_token 200
[debug] [2022-12-04T02:10:55.230Z] <<< [apiv2][body] POST https://github.com/login/oauth/access_token {"access_token":"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","token_type":"bearer","scope":"read:user,repo"}
[debug] [2022-12-04T02:10:55.257Z] >>> [apiv2][query] GET https://api.github.com/user [none]
[debug] [2022-12-04T02:10:55.758Z] <<< [apiv2][status] GET https://api.github.com/user 200
[debug] [2022-12-04T02:10:55.759Z] <<< [apiv2][body] GET https://api.github.com/user {"login":"juliacared","id":106125048,"node_id":"U_kgDOBlNW-A","avatar_url":"https://avatars.githubusercontent.com/u/106125048?v=4","gravatar_id":"","url":"https://api.github.com/users/juliacared","html_url":"https://github.com/juliacared","followers_url":"https://api.github.com/users/juliacared/followers","following_url":"https://api.github.com/users/juliacared/following{/other_user}","gists_url":"https://api.github.com/users/juliacared/gists{/gist_id}","starred_url":"https://api.github.com/users/juliacared/starred{/owner}{/repo}","subscriptions_url":"https://api.github.com/users/juliacared/subscriptions","organizations_url":"https://api.github.com/users/juliacared/orgs","repos_url":"https://api.github.com/users/juliacared/repos","events_url":"https://api.github.com/users/juliacared/events{/privacy}","received_events_url":"https://api.github.com/users/juliacared/received_events","type":"User","site_admin":false,"name":null,"company":null,"blog":"","location":null,"email":null,"hireable":null,"bio":null,"twitter_username":null,"public_repos":2,"public_gists":0,"followers":0,"following":0,"created_at":"2022-05-24T00:09:23Z","updated_at":"2022-12-04T01:43:33Z","private_gists":0,"total_private_repos":0,"owned_private_repos":0,"disk_usage":5299,"collaborators":0,"two_factor_authentication":false,"plan":{"name":"free","space":976562499,"collaborators":0,"private_repos":10000}}
[info] 
[info] +  Success! Logged into GitHub as juliacared 
[info] 
